[debug] [2025-02-07T07:12:07.308Z] ----------------------------------------------------------------------
[debug] [2025-02-07T07:12:07.310Z] Command:       C:\Program Files\nodejs\node.exe C:\Users\rajpu\AppData\Roaming\npm\node_modules\firebase-tools\lib\bin\firebase.js init
[debug] [2025-02-07T07:12:07.311Z] CLI Version:   13.30.0
[debug] [2025-02-07T07:12:07.311Z] Platform:      win32
[debug] [2025-02-07T07:12:07.311Z] Node Version:  v20.17.0
[debug] [2025-02-07T07:12:07.311Z] Time:          Fri Feb 07 2025 12:42:07 GMT+0530 (India Standard Time)
[debug] [2025-02-07T07:12:07.311Z] ----------------------------------------------------------------------
[debug] 
[debug] [2025-02-07T07:12:07.317Z] > command requires scopes: ["email","openid","https://www.googleapis.com/auth/cloudplatformprojects.readonly","https://www.googleapis.com/auth/firebase","https://www.googleapis.com/auth/cloud-platform"]
[debug] [2025-02-07T07:12:07.317Z] > authorizing via signed-in user (rajputana262006@gmail.com)
[info] 
     ######## #### ########  ######## ########     ###     ######  ########
     ##        ##  ##     ## ##       ##     ##  ##   ##  ##       ##
     ######    ##  ########  ######   ########  #########  ######  ######
     ##        ##  ##    ##  ##       ##     ## ##     ##       ## ##
     ##       #### ##     ## ######## ########  ##     ##  ######  ########

You're about to initialize a Firebase project in this directory:

  D:\mentor-mentee-app

[info] 
=== Project Setup
[info] 
[info] First, let's associate this project directory with a Firebase project.
[info] You can create multiple project aliases by running firebase use --add, 
[info] but for now we'll just set up a default project.
[info] 
[debug] [2025-02-07T07:12:26.624Z] Checked if tokens are valid: true, expires at: 1738915376140
[debug] [2025-02-07T07:12:26.625Z] Checked if tokens are valid: true, expires at: 1738915376140
[debug] [2025-02-07T07:12:26.626Z] >>> [apiv2][query] GET https://firebase.googleapis.com/v1beta1/projects pageSize=100
[debug] [2025-02-07T07:12:27.412Z] <<< [apiv2][status] GET https://firebase.googleapis.com/v1beta1/projects 200
[debug] [2025-02-07T07:12:27.412Z] <<< [apiv2][body] GET https://firebase.googleapis.com/v1beta1/projects [omitted]
[info] i  Using project mentor-6250b (mentor) 
[info] 
=== Dataconnect Setup
[debug] [2025-02-07T07:12:28.930Z] Checked if tokens are valid: true, expires at: 1738915376140
[debug] [2025-02-07T07:12:28.930Z] Checked if tokens are valid: true, expires at: 1738915376140
[debug] [2025-02-07T07:12:28.930Z] >>> [apiv2][query] GET https://cloudbilling.googleapis.com/v1/projects/mentor-6250b/billingInfo [none]
[debug] [2025-02-07T07:12:30.437Z] <<< [apiv2][status] GET https://cloudbilling.googleapis.com/v1/projects/mentor-6250b/billingInfo 200
[debug] [2025-02-07T07:12:30.438Z] <<< [apiv2][body] GET https://cloudbilling.googleapis.com/v1/projects/mentor-6250b/billingInfo {"name":"projects/mentor-6250b/billingInfo","projectId":"mentor-6250b","billingAccountName":"","billingEnabled":false}
[info] i  dataconnect: ensuring required API sqladmin.googleapis.com is enabled... 
[debug] [2025-02-07T07:12:30.438Z] Checked if tokens are valid: true, expires at: 1738915376140
[debug] [2025-02-07T07:12:30.439Z] Checked if tokens are valid: true, expires at: 1738915376140
[debug] [2025-02-07T07:12:30.439Z] >>> [apiv2][query] GET https://serviceusage.googleapis.com/v1/projects/mentor-6250b/services/sqladmin.googleapis.com [none]
[debug] [2025-02-07T07:12:30.439Z] >>> [apiv2][(partial)header] GET https://serviceusage.googleapis.com/v1/projects/mentor-6250b/services/sqladmin.googleapis.com x-goog-quota-user=projects/mentor-6250b
[debug] [2025-02-07T07:12:32.283Z] <<< [apiv2][status] GET https://serviceusage.googleapis.com/v1/projects/mentor-6250b/services/sqladmin.googleapis.com 200
[debug] [2025-02-07T07:12:32.283Z] <<< [apiv2][body] GET https://serviceusage.googleapis.com/v1/projects/mentor-6250b/services/sqladmin.googleapis.com [omitted]
[info] +  dataconnect: required API sqladmin.googleapis.com is enabled 
[info] i  dataconnect\dataconnect.yaml is unchanged 
[info] i  dataconnect\schema\schema.gql is unchanged 
[info] +  Wrote dataconnect\connector\connector.yaml 
[info] i  dataconnect\connector\queries.gql is unchanged 
[info] i  dataconnect\connector\mutations.gql is unchanged 
[info] +  Detected WEB app in directory D:\mentor-mentee-app 
[info] i  Wrote new config to D:\mentor-mentee-app\dataconnect\connector/connector.yaml 
[info] I0207 12:42:38.342983   10280 codegen.go:82] [connector "default" javascriptSdk] Generating sources into "D:\\mentor-mentee-app\\dataconnect-generated\\js\\default-connector"
I0207 12:42:38.345657   10280 generate.go:40] Generated all sources. Writing them to disk...
I0207 12:42:38.346756   10280 collector.go:107] connector "default" javascriptSdk wrote into "D:\\mentor-mentee-app\\dataconnect-generated\\js\\default-connector"
Generated sources: index.cjs.js [217B] package.json [634B] README.md [2740B] index.d.ts [261B] esm\index.esm.js [176B] esm\package.json [17B] 
I0207 12:42:38.362214   10280 installsdk.go:76] Running command: C:\Program Files\nodejs\npm.cmd install file:dataconnect-generated\js\default-connector

[info] i  Generated SDK code for default 
[info] +  If you'd like to add more generated SDKs to your app your later, run firebase init dataconnect:sdk again 
[info] i  If you'd like to provision a CloudSQL Postgres instance on the Firebase Data Connect no-cost trial:
1. Please upgrade to the pay-as-you-go (Blaze) billing plan. Visit the following page:
     https://console.firebase.google.com/project/mentor-6250b/usage/details
2. Run firebase init dataconnect again to configure the Cloud SQL instance.
3. Run firebase deploy --only dataconnect to deploy your Data Connect service. 
[info] 
=== Firestore Setup
[debug] [2025-02-07T07:12:39.788Z] Checked if tokens are valid: true, expires at: 1738915376140
[debug] [2025-02-07T07:12:39.788Z] Checked if tokens are valid: true, expires at: 1738915376140
[debug] [2025-02-07T07:12:39.788Z] >>> [apiv2][query] GET https://serviceusage.googleapis.com/v1/projects/mentor-6250b/services/firestore.googleapis.com [none]
[debug] [2025-02-07T07:12:39.788Z] >>> [apiv2][(partial)header] GET https://serviceusage.googleapis.com/v1/projects/mentor-6250b/services/firestore.googleapis.com x-goog-quota-user=projects/mentor-6250b
[debug] [2025-02-07T07:12:41.535Z] <<< [apiv2][status] GET https://serviceusage.googleapis.com/v1/projects/mentor-6250b/services/firestore.googleapis.com 200
[debug] [2025-02-07T07:12:41.535Z] <<< [apiv2][body] GET https://serviceusage.googleapis.com/v1/projects/mentor-6250b/services/firestore.googleapis.com [omitted]
[debug] [2025-02-07T07:12:41.535Z] Checked if tokens are valid: true, expires at: 1738915376140
[debug] [2025-02-07T07:12:41.536Z] Checked if tokens are valid: true, expires at: 1738915376140
[debug] [2025-02-07T07:12:41.536Z] >>> [apiv2][query] GET https://firestore.googleapis.com/v1/projects/mentor-6250b/databases/(default) [none]
[debug] [2025-02-07T07:12:41.841Z] <<< [apiv2][status] GET https://firestore.googleapis.com/v1/projects/mentor-6250b/databases/(default) 200
[debug] [2025-02-07T07:12:41.841Z] <<< [apiv2][body] GET https://firestore.googleapis.com/v1/projects/mentor-6250b/databases/(default) {"name":"projects/mentor-6250b/databases/(default)","uid":"e7858214-7cbd-4cf1-af01-2d947462dd53","createTime":"2025-02-07T07:11:45.337461Z","updateTime":"2025-02-07T07:11:45.337461Z","locationId":"asia-south1","type":"FIRESTORE_NATIVE","concurrencyMode":"PESSIMISTIC","versionRetentionPeriod":"3600s","earliestVersionTime":"2025-02-07T07:11:45.337461Z","appEngineIntegrationMode":"DISABLED","keyPrefix":"j","pointInTimeRecoveryEnablement":"POINT_IN_TIME_RECOVERY_DISABLED","deleteProtectionState":"DELETE_PROTECTION_DISABLED","databaseEdition":"STANDARD","etag":"IJmg8a6BsYsDMPWohZKBsYsD"}
[debug] [2025-02-07T07:12:41.841Z] database_type: FIRESTORE_NATIVE
[debug] [2025-02-07T07:12:41.841Z] database_type: FIRESTORE_NATIVE
[debug] [2025-02-07T07:12:41.841Z] > command requires scopes: ["email","openid","https://www.googleapis.com/auth/cloudplatformprojects.readonly","https://www.googleapis.com/auth/firebase","https://www.googleapis.com/auth/cloud-platform"]
[debug] [2025-02-07T07:12:41.841Z] > authorizing via signed-in user (rajputana262006@gmail.com)
[debug] [2025-02-07T07:12:41.842Z] [iam] checking project mentor-6250b for permissions ["firebase.projects.get"]
[debug] [2025-02-07T07:12:41.842Z] Checked if tokens are valid: true, expires at: 1738915376140
[debug] [2025-02-07T07:12:41.842Z] Checked if tokens are valid: true, expires at: 1738915376140
[debug] [2025-02-07T07:12:41.842Z] >>> [apiv2][query] POST https://cloudresourcemanager.googleapis.com/v1/projects/mentor-6250b:testIamPermissions [none]
[debug] [2025-02-07T07:12:41.842Z] >>> [apiv2][(partial)header] POST https://cloudresourcemanager.googleapis.com/v1/projects/mentor-6250b:testIamPermissions x-goog-quota-user=projects/mentor-6250b
[debug] [2025-02-07T07:12:41.842Z] >>> [apiv2][body] POST https://cloudresourcemanager.googleapis.com/v1/projects/mentor-6250b:testIamPermissions {"permissions":["firebase.projects.get"]}
[debug] [2025-02-07T07:12:43.381Z] <<< [apiv2][status] POST https://cloudresourcemanager.googleapis.com/v1/projects/mentor-6250b:testIamPermissions 200
[debug] [2025-02-07T07:12:43.381Z] <<< [apiv2][body] POST https://cloudresourcemanager.googleapis.com/v1/projects/mentor-6250b:testIamPermissions {"permissions":["firebase.projects.get"]}
[info] 
[info] Firestore Security Rules allow you to define how and when to allow
[info] requests. You can keep these rules in your project directory
[info] and publish them with firebase deploy.
[info] 
[debug] [2025-02-07T07:13:56.337Z] Checked if tokens are valid: true, expires at: 1738915376140
[debug] [2025-02-07T07:13:56.337Z] Checked if tokens are valid: true, expires at: 1738915376140
[debug] [2025-02-07T07:13:56.338Z] >>> [apiv2][query] GET https://firebaserules.googleapis.com/v1/projects/mentor-6250b/releases pageSize=10&pageToken=
[debug] [2025-02-07T07:13:57.878Z] <<< [apiv2][status] GET https://firebaserules.googleapis.com/v1/projects/mentor-6250b/releases 200
[debug] [2025-02-07T07:13:57.878Z] <<< [apiv2][body] GET https://firebaserules.googleapis.com/v1/projects/mentor-6250b/releases {"releases":[{"name":"projects/mentor-6250b/releases/cloud.firestore","rulesetName":"projects/mentor-6250b/rulesets/61094245-5cf1-42f2-89e2-00e6e364faa5","createTime":"2025-02-07T07:12:00.428577Z","updateTime":"2025-02-07T07:12:00.428577Z"}]}
[debug] [2025-02-07T07:13:57.879Z] Found ruleset: projects/mentor-6250b/rulesets/61094245-5cf1-42f2-89e2-00e6e364faa5
[debug] [2025-02-07T07:13:57.879Z] Checked if tokens are valid: true, expires at: 1738915376140
[debug] [2025-02-07T07:13:57.879Z] Checked if tokens are valid: true, expires at: 1738915376140
[debug] [2025-02-07T07:13:57.879Z] >>> [apiv2][query] GET https://firebaserules.googleapis.com/v1/projects/mentor-6250b/rulesets/61094245-5cf1-42f2-89e2-00e6e364faa5 [none]
[debug] [2025-02-07T07:13:59.171Z] <<< [apiv2][status] GET https://firebaserules.googleapis.com/v1/projects/mentor-6250b/rulesets/61094245-5cf1-42f2-89e2-00e6e364faa5 200
[debug] [2025-02-07T07:13:59.171Z] <<< [apiv2][body] GET https://firebaserules.googleapis.com/v1/projects/mentor-6250b/rulesets/61094245-5cf1-42f2-89e2-00e6e364faa5 [omitted]
[info] 
[info] Firestore indexes allow you to perform complex queries while
[info] maintaining performance that scales with the size of the result
[info] set. You can keep index definitions in your project directory
[info] and publish them with firebase deploy.
[info] 
[debug] [2025-02-07T07:14:01.734Z] Checked if tokens are valid: true, expires at: 1738915376140
[debug] [2025-02-07T07:14:01.735Z] Checked if tokens are valid: true, expires at: 1738915376140
[debug] [2025-02-07T07:14:01.735Z] Checked if tokens are valid: true, expires at: 1738915376140
[debug] [2025-02-07T07:14:01.735Z] Checked if tokens are valid: true, expires at: 1738915376140
[debug] [2025-02-07T07:14:01.735Z] >>> [apiv2][query] GET https://firestore.googleapis.com/v1/projects/mentor-6250b/databases/(default)/collectionGroups/-/indexes [none]
[debug] [2025-02-07T07:14:01.736Z] >>> [apiv2][query] GET https://firestore.googleapis.com/v1/projects/mentor-6250b/databases/(default)/collectionGroups/-/fields?filter=indexConfig.usesAncestorConfig=false OR ttlConfig:* [none]
[debug] [2025-02-07T07:14:01.929Z] <<< [apiv2][status] GET https://firestore.googleapis.com/v1/projects/mentor-6250b/databases/(default)/collectionGroups/-/indexes 200
[debug] [2025-02-07T07:14:01.929Z] <<< [apiv2][body] GET https://firestore.googleapis.com/v1/projects/mentor-6250b/databases/(default)/collectionGroups/-/indexes {}
[debug] [2025-02-07T07:14:02.164Z] <<< [apiv2][status] GET https://firestore.googleapis.com/v1/projects/mentor-6250b/databases/(default)/collectionGroups/-/fields?filter=indexConfig.usesAncestorConfig=false OR ttlConfig:* 200
[debug] [2025-02-07T07:14:02.164Z] <<< [apiv2][body] GET https://firestore.googleapis.com/v1/projects/mentor-6250b/databases/(default)/collectionGroups/-/fields?filter=indexConfig.usesAncestorConfig=false OR ttlConfig:* {"fields":[{"name":"projects/mentor-6250b/databases/(default)/collectionGroups/__default__/fields/*","indexConfig":{"indexes":[{"queryScope":"COLLECTION","fields":[{"fieldPath":"*","order":"ASCENDING"}],"state":"READY"},{"queryScope":"COLLECTION","fields":[{"fieldPath":"*","order":"DESCENDING"}],"state":"READY"},{"queryScope":"COLLECTION","fields":[{"fieldPath":"*","arrayConfig":"CONTAINS"}],"state":"READY"}]}}]}
[info] 
=== Hosting Setup
[debug] [2025-02-07T07:14:02.166Z] Checked if tokens are valid: true, expires at: 1738915376140
[debug] [2025-02-07T07:14:02.167Z] Checked if tokens are valid: true, expires at: 1738915376140
[debug] [2025-02-07T07:14:02.167Z] >>> [apiv2][query] GET https://firebase.googleapis.com/v1beta1/projects/mentor-6250b [none]
[debug] [2025-02-07T07:14:02.564Z] <<< [apiv2][status] GET https://firebase.googleapis.com/v1beta1/projects/mentor-6250b 200
[debug] [2025-02-07T07:14:02.564Z] <<< [apiv2][body] GET https://firebase.googleapis.com/v1beta1/projects/mentor-6250b {"projectId":"mentor-6250b","projectNumber":"845314102673","displayName":"mentor","name":"projects/mentor-6250b","resources":{"hostingSite":"mentor-6250b"},"state":"ACTIVE","etag":"1_7b74acf0-ba4c-46ee-b31b-e26e73a61905"}
[info] 
[info] Your public directory is the folder (relative to your project directory) that
[info] will contain Hosting assets to be uploaded with firebase deploy. If you
[info] have a build process for your assets, use your build's output directory.
[info] 
[debug] [2025-02-07T07:14:33.580Z] >>> [apiv2][query] GET https://www.gstatic.com/firebasejs/releases.json [none]
[debug] [2025-02-07T07:14:33.680Z] <<< [apiv2][status] GET https://www.gstatic.com/firebasejs/releases.json 200
[debug] [2025-02-07T07:14:33.681Z] <<< [apiv2][body] GET https://www.gstatic.com/firebasejs/releases.json {"current":{"version":"11.3.0","browserURL":"https://www.gstatic.com/firebasejs/11.3.0/firebase.js","packageURL":"https://www.gstatic.com/firebasejs/11.3.0/firebase.tgz"},"live":{"version":"11.3","browserURL":"https://www.gstatic.com/firebasejs/live/11.3/firebase.js","packageURL":"https://www.gstatic.com/firebasejs/live/11.3/firebase.tgz"},"components":{"analytics":"https://www.gstatic.com/firebasejs/11.3.0/firebase-analytics.js","app":"https://www.gstatic.com/firebasejs/11.3.0/firebase-app.js","app-check":"https://www.gstatic.com/firebasejs/11.3.0/firebase-app-check.js","auth":"https://www.gstatic.com/firebasejs/11.3.0/firebase-auth.js","auth/cordova":"https://www.gstatic.com/firebasejs/11.3.0/firebase-auth/cordova.js","auth/web-extension":"https://www.gstatic.com/firebasejs/11.3.0/firebase-auth/web-extension.js","functions":"https://www.gstatic.com/firebasejs/11.3.0/firebase-functions.js","firestore":"https://www.gstatic.com/firebasejs/11.3.0/firebase-firestore.js","firestore/lite":"https://www.gstatic.com/firebasejs/11.3.0/firebase-firestore/lite.js","installations":"https://www.gstatic.com/firebasejs/11.3.0/firebase-installations.js","storage":"https://www.gstatic.com/firebasejs/11.3.0/firebase-storage.js","performance":"https://www.gstatic.com/firebasejs/11.3.0/firebase-performance.js","remote-config":"https://www.gstatic.com/firebasejs/11.3.0/firebase-remote-config.js","messaging":"https://www.gstatic.com/firebasejs/11.3.0/firebase-messaging.js","messaging/sw":"https://www.gstatic.com/firebasejs/11.3.0/firebase-messaging/sw.js","database":"https://www.gstatic.com/firebasejs/11.3.0/firebase-database.js","vertexai":"https://www.gstatic.com/firebasejs/11.3.0/firebase-vertexai.js","data-connect":"https://www.gstatic.com/firebasejs/11.3.0/firebase-data-connect.js","firestore.memory":"https://www.gstatic.com/firebasejs/11.3.0/firebase-firestore.memory.js"}}
[info] +  Wrote public/index.html 
[info] 
[info] i  Didn't detect a .git folder. Assuming D:\mentor-mentee-app is the project root. 
[info] i  Authorizing with GitHub to upload your service account to a GitHub repository's secrets store. 
[info] 
[info] Visit this URL on this device to log in:
[info] https://github.com/login/oauth/authorize?client_id=89cf50f02ac6aaed3484&state=695386899&redirect_uri=http%3A%2F%2Flocalhost%3A9005&scope=read%3Auser%20repo%20public_repo
[info] 
[info] Waiting for authentication...
[debug] [2025-02-07T07:14:58.374Z] >>> [apiv2][query] POST https://github.com/login/oauth/access_token [none]
[debug] [2025-02-07T07:14:58.375Z] >>> [apiv2][body] POST https://github.com/login/oauth/access_token [stream]
[debug] [2025-02-07T07:14:58.754Z] <<< [apiv2][status] POST https://github.com/login/oauth/access_token 200
[debug] [2025-02-07T07:14:58.754Z] <<< [apiv2][body] POST https://github.com/login/oauth/access_token {"access_token":"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","token_type":"bearer","scope":"read:user,repo"}
[debug] [2025-02-07T07:14:58.759Z] >>> [apiv2][query] GET https://api.github.com/user [none]
[debug] [2025-02-07T07:14:59.125Z] <<< [apiv2][status] GET https://api.github.com/user 200
[debug] [2025-02-07T07:14:59.125Z] <<< [apiv2][body] GET https://api.github.com/user {"login":"gautam-cm","id":143930324,"node_id":"U_kgDOCJQz1A","avatar_url":"https://avatars.githubusercontent.com/u/143930324?v=4","gravatar_id":"","url":"https://api.github.com/users/gautam-cm","html_url":"https://github.com/gautam-cm","followers_url":"https://api.github.com/users/gautam-cm/followers","following_url":"https://api.github.com/users/gautam-cm/following{/other_user}","gists_url":"https://api.github.com/users/gautam-cm/gists{/gist_id}","starred_url":"https://api.github.com/users/gautam-cm/starred{/owner}{/repo}","subscriptions_url":"https://api.github.com/users/gautam-cm/subscriptions","organizations_url":"https://api.github.com/users/gautam-cm/orgs","repos_url":"https://api.github.com/users/gautam-cm/repos","events_url":"https://api.github.com/users/gautam-cm/events{/privacy}","received_events_url":"https://api.github.com/users/gautam-cm/received_events","type":"User","user_view_type":"private","site_admin":false,"name":null,"company":null,"blog":"","location":null,"email":null,"hireable":null,"bio":null,"twitter_username":null,"notification_email":null,"public_repos":3,"public_gists":0,"followers":0,"following":0,"created_at":"2023-09-03T08:10:56Z","updated_at":"2025-01-28T16:00:24Z","private_gists":0,"total_private_repos":0,"owned_private_repos":0,"disk_usage":2711,"collaborators":0,"two_factor_authentication":false,"plan":{"name":"free","space":976562499,"collaborators":0,"private_repos":10000}}
[info] 
[info] +  Success! Logged into GitHub as gautam-cm 
[info] 
[debug] [2025-02-07T07:15:12.729Z] >>> [apiv2][query] GET https://api.github.com/repos//actions/secrets/public-key type=owner
[debug] [2025-02-07T07:15:13.004Z] <<< [apiv2][status] GET https://api.github.com/repos//actions/secrets/public-key 404
[debug] [2025-02-07T07:15:13.004Z] <<< [apiv2][body] GET https://api.github.com/repos//actions/secrets/public-key {"message":"Not Found","documentation_url":"https://docs.github.com/rest","status":"404"}
[info] 
[info] 
[error] !  The provided authorization cannot be used with this repository. If this repository is in an organization, did you remember to grant access? 
[info] 
[info] i  Action required: Visit this URL to ensure access has been granted to the appropriate organization(s) for the Firebase CLI GitHub OAuth App: 
[info] https://github.com/settings/connections/applications/89cf50f02ac6aaed3484
[info] 
